<?xml version="1.0" encoding="UTF-8"?>
<coverage generated="1529756726015" clover="3.2.0">
  <project timestamp="1529756726015" name="All files">
    <metrics statements="27" coveredstatements="27" conditionals="20" coveredconditionals="19" methods="2" coveredmethods="2" elements="49" coveredelements="48" complexity="0" loc="27" ncloc="27" packages="1" files="1" classes="1">
      <file name="index.ts" path="/here/js-permuter/src/index.ts">
        <metrics statements="27" coveredstatements="27" conditionals="20" coveredconditionals="19" methods="2" coveredmethods="2"/>
        <line num="5" count="18" type="cond" truecount="1" falsecount="1"/>
        <line num="7" count="18" type="cond" truecount="2" falsecount="0"/>
        <line num="8" count="18" type="cond" truecount="2" falsecount="0"/>
        <line num="11" count="18" type="cond" truecount="2" falsecount="0"/>
        <line num="13" count="1" type="stmt"/>
        <line num="15" count="18" type="stmt"/>
        <line num="18" count="18" type="stmt"/>
        <line num="19" count="35" type="cond" truecount="2" falsecount="0"/>
        <line num="20" count="26" type="stmt"/>
        <line num="21" count="26" type="stmt"/>
        <line num="22" count="23" type="stmt"/>
        <line num="23" count="23" type="stmt"/>
        <line num="25" count="23" type="stmt"/>
        <line num="26" count="23" type="stmt"/>
        <line num="28" count="23" type="stmt"/>
        <line num="29" count="23" type="stmt"/>
        <line num="31" count="23" type="cond" truecount="2" falsecount="0"/>
        <line num="32" count="6" type="stmt"/>
        <line num="34" count="23" type="cond" truecount="2" falsecount="0"/>
        <line num="35" count="6" type="stmt"/>
        <line num="36" count="6" type="stmt"/>
        <line num="38" count="23" type="stmt"/>
        <line num="40" count="23" type="cond" truecount="2" falsecount="0"/>
        <line num="42" count="19" type="stmt"/>
        <line num="45" count="23" type="cond" truecount="4" falsecount="0"/>
        <line num="46" count="17" type="stmt"/>
        <line num="52" count="18" type="stmt"/>
      </file>
    </metrics>
  </project>
</coverage>
