{"/here/js-permuter/src/index.ts": {"path":"/here/js-permuter/src/index.ts","statementMap":{"0":{"start":{"line":5,"column":24},"end":{"line":5,"column":71}},"1":{"start":{"line":7,"column":2},"end":{"line":7,"column":89}},"2":{"start":{"line":7,"column":32},"end":{"line":7,"column":87}},"3":{"start":{"line":8,"column":2},"end":{"line":8,"column":55}},"4":{"start":{"line":8,"column":29},"end":{"line":8,"column":53}},"5":{"start":{"line":11,"column":2},"end":{"line":14,"column":3}},"6":{"start":{"line":13,"column":4},"end":{"line":13,"column":18}},"7":{"start":{"line":15,"column":37},"end":{"line":15,"column":67}},"8":{"start":{"line":19,"column":4},"end":{"line":50,"column":5}},"9":{"start":{"line":20,"column":31},"end":{"line":20,"column":68}},"10":{"start":{"line":21,"column":6},"end":{"line":49,"column":7}},"11":{"start":{"line":22,"column":8},"end":{"line":48,"column":100}},"12":{"start":{"line":23,"column":10},"end":{"line":23,"column":34}},"13":{"start":{"line":25,"column":10},"end":{"line":25,"column":125}},"14":{"start":{"line":26,"column":10},"end":{"line":26,"column":67}},"15":{"start":{"line":28,"column":10},"end":{"line":28,"column":79}},"16":{"start":{"line":29,"column":10},"end":{"line":29,"column":75}},"17":{"start":{"line":31,"column":10},"end":{"line":33,"column":11}},"18":{"start":{"line":32,"column":12},"end":{"line":32,"column":35}},"19":{"start":{"line":34,"column":10},"end":{"line":37,"column":11}},"20":{"start":{"line":35,"column":12},"end":{"line":35,"column":49}},"21":{"start":{"line":36,"column":12},"end":{"line":36,"column":39}},"22":{"start":{"line":38,"column":10},"end":{"line":38,"column":77}},"23":{"start":{"line":40,"column":10},"end":{"line":43,"column":11}},"24":{"start":{"line":42,"column":12},"end":{"line":42,"column":60}},"25":{"start":{"line":45,"column":9},"end":{"line":47,"column":10}},"26":{"start":{"line":46,"column":11},"end":{"line":46,"column":97}},"27":{"start":{"line":18,"column":2},"end":{"line":51,"column":3}},"28":{"start":{"line":52,"column":2},"end":{"line":52,"column":18}},"29":{"start":{"line":5,"column":0},"end":{"line":53,"column":1}}},"fnMap":{"0":{"name":"permute","decl":{"start":{"line":5,"column":0},"end":{"line":5,"column":23}},"loc":{"start":{"line":5,"column":177},"end":{"line":53,"column":1}}},"1":{"name":"(anonymous_4)","decl":{"start":{"line":22,"column":9},"end":{"line":22,"column":9}},"loc":{"start":{"line":22,"column":98},"end":{"line":48,"column":8}}}},"branchMap":{"0":{"loc":{"start":{"line":5,"column":24},"end":{"line":5,"column":71}},"type":"if","locations":[{"start":{"line":5,"column":24},"end":{"line":5,"column":71}},{"start":{"line":5,"column":24},"end":{"line":5,"column":71}}]},"1":{"loc":{"start":{"line":7,"column":2},"end":{"line":7,"column":89}},"type":"if","locations":[{"start":{"line":7,"column":2},"end":{"line":7,"column":89}},{"start":{"line":7,"column":2},"end":{"line":7,"column":89}}]},"2":{"loc":{"start":{"line":8,"column":2},"end":{"line":8,"column":55}},"type":"if","locations":[{"start":{"line":8,"column":2},"end":{"line":8,"column":55}},{"start":{"line":8,"column":2},"end":{"line":8,"column":55}}]},"3":{"loc":{"start":{"line":11,"column":2},"end":{"line":14,"column":3}},"type":"if","locations":[{"start":{"line":11,"column":2},"end":{"line":14,"column":3}},{"start":{"line":11,"column":2},"end":{"line":14,"column":3}}]},"4":{"loc":{"start":{"line":19,"column":4},"end":{"line":50,"column":5}},"type":"if","locations":[{"start":{"line":19,"column":4},"end":{"line":50,"column":5}},{"start":{"line":19,"column":4},"end":{"line":50,"column":5}}]},"5":{"loc":{"start":{"line":31,"column":10},"end":{"line":33,"column":11}},"type":"if","locations":[{"start":{"line":31,"column":10},"end":{"line":33,"column":11}},{"start":{"line":31,"column":10},"end":{"line":33,"column":11}}]},"6":{"loc":{"start":{"line":34,"column":10},"end":{"line":37,"column":11}},"type":"if","locations":[{"start":{"line":34,"column":10},"end":{"line":37,"column":11}},{"start":{"line":34,"column":10},"end":{"line":37,"column":11}}]},"7":{"loc":{"start":{"line":40,"column":10},"end":{"line":43,"column":11}},"type":"if","locations":[{"start":{"line":40,"column":10},"end":{"line":43,"column":11}},{"start":{"line":40,"column":10},"end":{"line":43,"column":11}}]},"8":{"loc":{"start":{"line":45,"column":9},"end":{"line":47,"column":10}},"type":"if","locations":[{"start":{"line":45,"column":9},"end":{"line":47,"column":10}},{"start":{"line":45,"column":9},"end":{"line":47,"column":10}}]},"9":{"loc":{"start":{"line":45,"column":13},"end":{"line":45,"column":29}},"type":"binary-expr","locations":[{"start":{"line":45,"column":13},"end":{"line":45,"column":29}},{"start":{"line":45,"column":33},"end":{"line":45,"column":77}}]}},"s":{"0":18,"1":18,"2":1,"3":18,"4":1,"5":18,"6":1,"7":18,"8":35,"9":26,"10":26,"11":23,"12":23,"13":23,"14":23,"15":23,"16":23,"17":23,"18":6,"19":23,"20":6,"21":6,"22":23,"23":23,"24":19,"25":23,"26":17,"27":18,"28":18,"29":1},"f":{"0":18,"1":23},"b":{"0":[0,18],"1":[1,17],"2":[1,17],"3":[1,17],"4":[26,9],"5":[6,17],"6":[6,17],"7":[19,4],"8":[17,6],"9":[23,17]}}
}
