TN:
SF:/here/js-permuter/src/index.ts
FN:5,permute
FN:22,(anonymous_4)
FNF:2
FNH:2
FNDA:18,permute
FNDA:23,(anonymous_4)
DA:5,18
DA:7,18
DA:8,18
DA:11,18
DA:13,1
DA:15,18
DA:18,18
DA:19,35
DA:20,26
DA:21,26
DA:22,23
DA:23,23
DA:25,23
DA:26,23
DA:28,23
DA:29,23
DA:31,23
DA:32,6
DA:34,23
DA:35,6
DA:36,6
DA:38,23
DA:40,23
DA:42,19
DA:45,23
DA:46,17
DA:52,18
LF:27
LH:27
BRDA:5,0,0,0
BRDA:5,0,1,18
BRDA:7,1,0,1
BRDA:7,1,1,17
BRDA:8,2,0,1
BRDA:8,2,1,17
BRDA:11,3,0,1
BRDA:11,3,1,17
BRDA:19,4,0,26
BRDA:19,4,1,9
BRDA:31,5,0,6
BRDA:31,5,1,17
BRDA:34,6,0,6
BRDA:34,6,1,17
BRDA:40,7,0,19
BRDA:40,7,1,4
BRDA:45,8,0,17
BRDA:45,8,1,6
BRDA:45,9,0,23
BRDA:45,9,1,17
BRF:20
BRH:19
end_of_record
